[2021-09-15 22:00:15,206] INFO  Dataset: 1m
[2021-09-15 22:00:33,782] INFO  Grid search started: KNNpopularity
[2021-09-15 22:00:34,034] DEBUG  Started KNNpopularity, {'k': 2}
[2021-09-15 22:08:11,931] DEBUG  Recall: 0.03642384105960265, coverage: 0.35806799784133836, serendipity: 0.29084931242001916
[2021-09-15 22:08:11,931] DEBUG  Finished KNNpopularity, {'k': 2}
[2021-09-15 22:08:12,199] DEBUG  Started KNNpopularity, {'k': 3}
[2021-09-15 22:15:53,128] DEBUG  Recall: 0.029801324503311258, coverage: 0.33135456017269294, serendipity: 0.28982375223708423
[2021-09-15 22:15:53,129] DEBUG  Finished KNNpopularity, {'k': 3}
[2021-09-15 22:15:53,390] DEBUG  Started KNNpopularity, {'k': 4}
[2021-09-15 22:23:36,190] DEBUG  Recall: 0.029801324503311258, coverage: 0.3073394495412844, serendipity: 0.29151840841303883
[2021-09-15 22:23:36,190] DEBUG  Finished KNNpopularity, {'k': 4}
[2021-09-15 22:23:36,437] DEBUG  Started KNNpopularity, {'k': 5}
[2021-09-15 22:31:21,700] DEBUG  Recall: 0.024834437086092714, coverage: 0.2914193200215866, serendipity: 0.2919898865403058
[2021-09-15 22:31:21,701] DEBUG  Finished KNNpopularity, {'k': 5}
[2021-09-15 22:31:21,954] DEBUG  Started KNNpopularity, {'k': 10}
[2021-09-15 22:39:18,693] DEBUG  Recall: 0.022350993377483443, coverage: 0.23772261198057204, serendipity: 0.2957080893510874
[2021-09-15 22:39:18,693] DEBUG  Finished KNNpopularity, {'k': 10}
[2021-09-15 22:39:18,949] DEBUG  Started KNNpopularity, {'k': 15}
[2021-09-15 22:47:27,214] DEBUG  Recall: 0.01903973509933775, coverage: 0.20102536427415002, serendipity: 0.2970387850757899
[2021-09-15 22:47:27,214] DEBUG  Finished KNNpopularity, {'k': 15}
[2021-09-15 22:47:27,475] DEBUG  Started KNNpopularity, {'k': 20}
[2021-09-15 22:55:47,119] DEBUG  Recall: 0.01903973509933775, coverage: 0.17539125742039935, serendipity: 0.2971214211310221
[2021-09-15 22:55:47,120] DEBUG  Finished KNNpopularity, {'k': 20}
[2021-09-15 22:55:47,378] DEBUG  Started KNNpopularity, {'k': 25}
[2021-09-15 23:04:18,702] DEBUG  Recall: 0.01903973509933775, coverage: 0.1559633027522936, serendipity: 0.29867796503178423
[2021-09-15 23:04:18,702] DEBUG  Finished KNNpopularity, {'k': 25}
[2021-09-15 23:04:18,934] DEBUG  Started KNNpopularity, {'k': 30}
[2021-09-15 23:13:02,062] DEBUG  Recall: 0.0173841059602649, coverage: 0.14085267134376686, serendipity: 0.2976157182704422
[2021-09-15 23:13:02,062] DEBUG  Finished KNNpopularity, {'k': 30}
[2021-09-15 23:13:02,318] DEBUG  Started KNNpopularity, {'k': 40}
[2021-09-15 23:22:08,371] DEBUG  Recall: 0.0173841059602649, coverage: 0.11899622234214786, serendipity: 0.2974260189228387
[2021-09-15 23:22:08,371] DEBUG  Finished KNNpopularity, {'k': 40}
[2021-09-15 23:22:08,605] DEBUG  Started KNNpopularity, {'k': 50}
[2021-09-15 23:31:36,694] DEBUG  Recall: 0.0173841059602649, coverage: 0.10469508904479223, serendipity: 0.29590136161858305
[2021-09-15 23:31:36,694] DEBUG  Finished KNNpopularity, {'k': 50}
[2021-09-15 23:31:36,886] DEBUG  Started KNNpopularity, {'k': 60}
[2021-09-15 23:41:28,181] DEBUG  Recall: 0.018211920529801324, coverage: 0.09363194819212088, serendipity: 0.29704877058497586
[2021-09-15 23:41:28,182] DEBUG  Finished KNNpopularity, {'k': 60}
[2021-09-15 23:41:28,409] DEBUG  Started KNNpopularity, {'k': 70}
[2021-09-15 23:51:42,121] DEBUG  Recall: 0.018211920529801324, coverage: 0.08256880733944955, serendipity: 0.2963271717981086
[2021-09-15 23:51:42,121] DEBUG  Finished KNNpopularity, {'k': 70}
[2021-09-15 23:51:42,329] DEBUG  Started KNNpopularity, {'k': 80}
[2021-09-16 00:02:18,997] DEBUG  Recall: 0.0173841059602649, coverage: 0.07555315704263357, serendipity: 0.29625892567923345
[2021-09-16 00:02:18,997] DEBUG  Finished KNNpopularity, {'k': 80}
[2021-09-16 00:02:19,177] DEBUG  Started KNNpopularity, {'k': 90}
[2021-09-16 00:13:16,752] DEBUG  Recall: 0.020695364238410598, coverage: 0.06718834322719913, serendipity: 0.2963353392108041
[2021-09-16 00:13:16,753] DEBUG  Finished KNNpopularity, {'k': 90}
[2021-09-16 00:13:16,936] DEBUG  Started KNNpopularity, {'k': 100}
[2021-09-16 00:24:34,880] DEBUG  Recall: 0.020695364238410598, coverage: 0.06071235833783054, serendipity: 0.2961419884061929
[2021-09-16 00:24:34,880] DEBUG  Finished KNNpopularity, {'k': 100}
[2021-09-16 00:24:35,062] DEBUG  Started KNNpopularity, {'k': 150}
[2021-09-16 00:37:16,530] DEBUG  Recall: 0.014072847682119206, coverage: 0.044252563410685376, serendipity: 0.2958651531838212
[2021-09-16 00:37:16,530] DEBUG  Finished KNNpopularity, {'k': 150}
[2021-09-16 00:37:16,708] DEBUG  Started KNNpopularity, {'k': 300}
[2021-09-16 00:53:13,202] DEBUG  Recall: 0.004966887417218543, coverage: 0.02266594711279007, serendipity: 0.29187557506363465
[2021-09-16 00:53:13,202] DEBUG  Finished KNNpopularity, {'k': 300}
[2021-09-16 00:53:13,378] DEBUG  Started KNNpopularity, {'k': 500}
[2021-09-16 01:13:37,939] DEBUG  Recall: 0.0016556291390728477, coverage: 0.013221802482460875, serendipity: 0.2904793786515821
[2021-09-16 01:13:37,940] DEBUG  Finished KNNpopularity, {'k': 500}
[2021-09-16 01:13:38,116] DEBUG  Started KNNpopularity, {'k': 1000}
[2021-09-16 01:44:51,205] DEBUG  Recall: 0.0016556291390728477, coverage: 0.007555315704263357, serendipity: 0.2876970269220073
[2021-09-16 01:44:51,205] DEBUG  Finished KNNpopularity, {'k': 1000}
[2021-09-16 01:44:51,205] INFO  Grid search ended: KNNpopularity
[2021-09-16 01:44:51,205] INFO  Saved KNNpopularity as ./KNNpopularity.joblib
[2021-09-16 01:44:51,206] INFO  Grid search started: MatrixFactorization
[2021-09-16 01:44:51,870] DEBUG  Started MatrixFactorization, {'n_components': 1, 'random_state': 42}
[2021-09-16 01:48:53,028] DEBUG  Recall: 0.0016556291390728477, coverage: 0.007015650296815974, serendipity: 0.29228639680469004
[2021-09-16 01:48:53,028] DEBUG  Finished MatrixFactorization, {'n_components': 1, 'random_state': 42}
[2021-09-16 01:48:53,718] DEBUG  Started MatrixFactorization, {'n_components': 2, 'random_state': 42}
[2021-09-16 01:52:56,683] DEBUG  Recall: 0.0033112582781456954, coverage: 0.11980572045331894, serendipity: 0.2607823933946079
[2021-09-16 01:52:56,684] DEBUG  Finished MatrixFactorization, {'n_components': 2, 'random_state': 42}
[2021-09-16 01:52:57,413] DEBUG  Started MatrixFactorization, {'n_components': 3, 'random_state': 42}
[2021-09-16 01:56:59,972] DEBUG  Recall: 0.0033112582781456954, coverage: 0.1335671883432272, serendipity: 0.27613976194608136
[2021-09-16 01:56:59,973] DEBUG  Finished MatrixFactorization, {'n_components': 3, 'random_state': 42}
[2021-09-16 01:57:00,705] DEBUG  Started MatrixFactorization, {'n_components': 4, 'random_state': 42}
[2021-09-16 02:01:03,537] DEBUG  Recall: 0.005794701986754967, coverage: 0.16109012412304372, serendipity: 0.27873800412616884
[2021-09-16 02:01:03,537] DEBUG  Finished MatrixFactorization, {'n_components': 4, 'random_state': 42}
[2021-09-16 02:01:04,312] DEBUG  Started MatrixFactorization, {'n_components': 5, 'random_state': 42}
[2021-09-16 02:05:06,900] DEBUG  Recall: 0.01076158940397351, coverage: 0.16837560712358338, serendipity: 0.285729611862802
[2021-09-16 02:05:06,900] DEBUG  Finished MatrixFactorization, {'n_components': 5, 'random_state': 42}
[2021-09-16 02:05:07,608] DEBUG  Started MatrixFactorization, {'n_components': 10, 'random_state': 42}
[2021-09-16 02:09:10,358] DEBUG  Recall: 0.018211920529801324, coverage: 0.17889908256880735, serendipity: 0.29973130093405814
[2021-09-16 02:09:10,358] DEBUG  Finished MatrixFactorization, {'n_components': 10, 'random_state': 42}
[2021-09-16 02:09:11,173] DEBUG  Started MatrixFactorization, {'n_components': 20, 'random_state': 42}
[2021-09-16 02:13:14,488] DEBUG  Recall: 0.016556291390728478, coverage: 0.18132757690232057, serendipity: 0.3049674316271492
[2021-09-16 02:13:14,488] DEBUG  Finished MatrixFactorization, {'n_components': 20, 'random_state': 42}
[2021-09-16 02:13:15,493] DEBUG  Started MatrixFactorization, {'n_components': 50, 'random_state': 42}
[2021-09-16 02:17:22,902] DEBUG  Recall: 0.014900662251655629, coverage: 0.18186724230976795, serendipity: 0.30526031219855654
[2021-09-16 02:17:22,902] DEBUG  Finished MatrixFactorization, {'n_components': 50, 'random_state': 42}
[2021-09-16 02:17:24,299] DEBUG  Started MatrixFactorization, {'n_components': 100, 'random_state': 42}
[2021-09-16 02:23:31,086] DEBUG  Recall: 0.016556291390728478, coverage: 0.1770102536427415, serendipity: 0.3039279064065018
[2021-09-16 02:23:31,086] DEBUG  Finished MatrixFactorization, {'n_components': 100, 'random_state': 42}
[2021-09-16 02:23:33,105] DEBUG  Started MatrixFactorization, {'n_components': 200, 'random_state': 42}
[2021-09-16 02:29:48,003] DEBUG  Recall: 0.01903973509933775, coverage: 0.17296276308688613, serendipity: 0.30439872520881833
[2021-09-16 02:29:48,003] DEBUG  Finished MatrixFactorization, {'n_components': 200, 'random_state': 42}
[2021-09-16 02:29:52,349] DEBUG  Started MatrixFactorization, {'n_components': 500, 'random_state': 42}
[2021-09-16 02:36:13,167] DEBUG  Recall: 0.015728476821192054, coverage: 0.17674042093901782, serendipity: 0.30174492270272774
[2021-09-16 02:36:13,167] DEBUG  Finished MatrixFactorization, {'n_components': 500, 'random_state': 42}
[2021-09-16 02:36:22,014] DEBUG  Started MatrixFactorization, {'n_components': 1000, 'random_state': 42}
[2021-09-16 02:42:54,950] DEBUG  Recall: 0.016556291390728478, coverage: 0.17674042093901782, serendipity: 0.2991551325017812
[2021-09-16 02:42:54,950] DEBUG  Finished MatrixFactorization, {'n_components': 1000, 'random_state': 42}
[2021-09-16 02:42:54,951] INFO  Grid search ended: MatrixFactorization
[2021-09-16 02:42:54,952] INFO  Saved MatrixFactorization as ./MatrixFactorization.joblib
[2021-09-16 02:42:54,953] INFO  Grid search started: AutoRec
[2021-09-16 02:43:03,030] DEBUG  Started AutoRec, {'hidden_layer_size': 4, 'random_state': 11}
[2021-09-16 02:43:34,544] DEBUG  Recall: 0.015728476821192054, coverage: 0.03211009174311927, serendipity: 0.2503074516819883
[2021-09-16 02:43:34,544] DEBUG  Finished AutoRec, {'hidden_layer_size': 4, 'random_state': 11}
[2021-09-16 02:43:42,681] DEBUG  Started AutoRec, {'hidden_layer_size': 4, 'random_state': 42}
[2021-09-16 02:44:14,230] DEBUG  Recall: 0.018211920529801324, coverage: 0.026173772261198058, serendipity: 0.25265426998293034
[2021-09-16 02:44:14,230] DEBUG  Finished AutoRec, {'hidden_layer_size': 4, 'random_state': 42}
[2021-09-16 02:44:24,188] DEBUG  Started AutoRec, {'hidden_layer_size': 4, 'random_state': 77}
[2021-09-16 02:44:55,173] DEBUG  Recall: 0.01903973509933775, coverage: 0.008094981111710739, serendipity: 0.2490012271521641
[2021-09-16 02:44:55,174] DEBUG  Finished AutoRec, {'hidden_layer_size': 4, 'random_state': 77}
[2021-09-16 02:45:04,181] DEBUG  Started AutoRec, {'hidden_layer_size': 8, 'random_state': 11}
[2021-09-16 02:45:35,929] DEBUG  Recall: 0.020695364238410598, coverage: 0.019158121964382085, serendipity: 0.2520390428541551
[2021-09-16 02:45:35,929] DEBUG  Finished AutoRec, {'hidden_layer_size': 8, 'random_state': 11}
[2021-09-16 02:45:49,662] DEBUG  Started AutoRec, {'hidden_layer_size': 8, 'random_state': 42}
[2021-09-16 02:46:21,275] DEBUG  Recall: 0.020695364238410598, coverage: 0.005666486778197518, serendipity: 0.25748162358981036
[2021-09-16 02:46:21,275] DEBUG  Finished AutoRec, {'hidden_layer_size': 8, 'random_state': 42}
[2021-09-16 02:46:34,051] DEBUG  Started AutoRec, {'hidden_layer_size': 8, 'random_state': 77}
[2021-09-16 02:47:05,336] DEBUG  Recall: 0.022350993377483443, coverage: 0.005126821370750135, serendipity: 0.2564443453140679
[2021-09-16 02:47:05,336] DEBUG  Finished AutoRec, {'hidden_layer_size': 8, 'random_state': 77}
[2021-09-16 02:47:14,442] DEBUG  Started AutoRec, {'hidden_layer_size': 16, 'random_state': 11}
[2021-09-16 02:47:46,080] DEBUG  Recall: 0.018211920529801324, coverage: 0.04479222881813276, serendipity: 0.26122813154575913
[2021-09-16 02:47:46,080] DEBUG  Finished AutoRec, {'hidden_layer_size': 16, 'random_state': 11}
[2021-09-16 02:47:53,516] DEBUG  Started AutoRec, {'hidden_layer_size': 16, 'random_state': 42}
[2021-09-16 02:48:25,133] DEBUG  Recall: 0.019867549668874173, coverage: 0.042093901780895844, serendipity: 0.2573335403401339
[2021-09-16 02:48:25,134] DEBUG  Finished AutoRec, {'hidden_layer_size': 16, 'random_state': 42}
[2021-09-16 02:48:34,236] DEBUG  Started AutoRec, {'hidden_layer_size': 16, 'random_state': 77}
[2021-09-16 02:49:07,778] DEBUG  Recall: 0.018211920529801324, coverage: 0.033189422558014034, serendipity: 0.26365138227757456
[2021-09-16 02:49:07,778] DEBUG  Finished AutoRec, {'hidden_layer_size': 16, 'random_state': 77}
[2021-09-16 02:49:23,457] DEBUG  Started AutoRec, {'hidden_layer_size': 64, 'random_state': 11}
[2021-09-16 02:49:54,924] DEBUG  Recall: 0.024006622516556293, coverage: 0.03184025903939557, serendipity: 0.3236172656378975
[2021-09-16 02:49:54,924] DEBUG  Finished AutoRec, {'hidden_layer_size': 64, 'random_state': 11}
[2021-09-16 02:50:10,085] DEBUG  Started AutoRec, {'hidden_layer_size': 64, 'random_state': 42}
[2021-09-16 02:50:41,362] DEBUG  Recall: 0.019867549668874173, coverage: 0.03291958985429034, serendipity: 0.32184604740241
[2021-09-16 02:50:41,362] DEBUG  Finished AutoRec, {'hidden_layer_size': 64, 'random_state': 42}
[2021-09-16 02:50:56,620] DEBUG  Started AutoRec, {'hidden_layer_size': 64, 'random_state': 77}
[2021-09-16 02:51:28,619] DEBUG  Recall: 0.028145695364238412, coverage: 0.03426875337290879, serendipity: 0.32441336084137135
[2021-09-16 02:51:28,619] DEBUG  Finished AutoRec, {'hidden_layer_size': 64, 'random_state': 77}
[2021-09-16 02:51:42,282] DEBUG  Started AutoRec, {'hidden_layer_size': 128, 'random_state': 11}
[2021-09-16 02:52:13,701] DEBUG  Recall: 0.022350993377483443, coverage: 0.04937938478143551, serendipity: 0.32826256491518446
[2021-09-16 02:52:13,701] DEBUG  Finished AutoRec, {'hidden_layer_size': 128, 'random_state': 11}
[2021-09-16 02:52:28,322] DEBUG  Started AutoRec, {'hidden_layer_size': 128, 'random_state': 42}
[2021-09-16 02:53:01,680] DEBUG  Recall: 0.022350993377483443, coverage: 0.05504587155963303, serendipity: 0.33590370490141663
[2021-09-16 02:53:01,680] DEBUG  Finished AutoRec, {'hidden_layer_size': 128, 'random_state': 42}
[2021-09-16 02:53:14,280] DEBUG  Started AutoRec, {'hidden_layer_size': 128, 'random_state': 77}
[2021-09-16 02:53:45,877] DEBUG  Recall: 0.024834437086092714, coverage: 0.04641122504047491, serendipity: 0.33102188531455135
[2021-09-16 02:53:45,877] DEBUG  Finished AutoRec, {'hidden_layer_size': 128, 'random_state': 77}
[2021-09-16 02:54:03,966] DEBUG  Started AutoRec, {'hidden_layer_size': 192, 'random_state': 11}
[2021-09-16 02:54:36,165] DEBUG  Recall: 0.027317880794701987, coverage: 0.06260118726389638, serendipity: 0.3416011428635464
[2021-09-16 02:54:36,166] DEBUG  Finished AutoRec, {'hidden_layer_size': 192, 'random_state': 11}
[2021-09-16 02:54:52,248] DEBUG  Started AutoRec, {'hidden_layer_size': 192, 'random_state': 42}
[2021-09-16 02:55:24,519] DEBUG  Recall: 0.028973509933774833, coverage: 0.05774419859686994, serendipity: 0.33780199281742546
[2021-09-16 02:55:24,519] DEBUG  Finished AutoRec, {'hidden_layer_size': 192, 'random_state': 42}
[2021-09-16 02:55:41,009] DEBUG  Started AutoRec, {'hidden_layer_size': 192, 'random_state': 77}
[2021-09-16 02:56:12,356] DEBUG  Recall: 0.020695364238410598, coverage: 0.06449001618996222, serendipity: 0.3422735917703911
[2021-09-16 02:56:12,357] DEBUG  Finished AutoRec, {'hidden_layer_size': 192, 'random_state': 77}
[2021-09-16 02:56:29,607] DEBUG  Started AutoRec, {'hidden_layer_size': 256, 'random_state': 11}
[2021-09-16 02:57:01,211] DEBUG  Recall: 0.020695364238410598, coverage: 0.06583917970858068, serendipity: 0.3431421231459268
[2021-09-16 02:57:01,211] DEBUG  Finished AutoRec, {'hidden_layer_size': 256, 'random_state': 11}
[2021-09-16 02:57:20,331] DEBUG  Started AutoRec, {'hidden_layer_size': 256, 'random_state': 42}
[2021-09-16 02:57:52,437] DEBUG  Recall: 0.02566225165562914, coverage: 0.06556934700485699, serendipity: 0.3452735995757414
[2021-09-16 02:57:52,438] DEBUG  Finished AutoRec, {'hidden_layer_size': 256, 'random_state': 42}
[2021-09-16 02:58:11,640] DEBUG  Started AutoRec, {'hidden_layer_size': 256, 'random_state': 77}
[2021-09-16 02:58:42,429] DEBUG  Recall: 0.020695364238410598, coverage: 0.07258499730167296, serendipity: 0.3436730164940466
[2021-09-16 02:58:42,429] DEBUG  Finished AutoRec, {'hidden_layer_size': 256, 'random_state': 77}
[2021-09-16 02:59:06,167] DEBUG  Started AutoRec, {'hidden_layer_size': 384, 'random_state': 11}
[2021-09-16 02:59:40,181] DEBUG  Recall: 0.024006622516556293, coverage: 0.06718834322719913, serendipity: 0.3419546467499281
[2021-09-16 02:59:40,181] DEBUG  Finished AutoRec, {'hidden_layer_size': 384, 'random_state': 11}
[2021-09-16 03:00:06,742] DEBUG  Started AutoRec, {'hidden_layer_size': 384, 'random_state': 42}
[2021-09-16 03:00:39,581] DEBUG  Recall: 0.028145695364238412, coverage: 0.06907717215326498, serendipity: 0.34717454215404997
[2021-09-16 03:00:39,581] DEBUG  Finished AutoRec, {'hidden_layer_size': 384, 'random_state': 42}
[2021-09-16 03:00:59,859] DEBUG  Started AutoRec, {'hidden_layer_size': 384, 'random_state': 77}
[2021-09-16 03:01:33,573] DEBUG  Recall: 0.019867549668874173, coverage: 0.06556934700485699, serendipity: 0.34105168661221597
[2021-09-16 03:01:33,573] DEBUG  Finished AutoRec, {'hidden_layer_size': 384, 'random_state': 77}
[2021-09-16 03:01:47,670] DEBUG  Started AutoRec, {'hidden_layer_size': 512, 'random_state': 11}
[2021-09-16 03:02:18,823] DEBUG  Recall: 0.02152317880794702, coverage: 0.013491635186184566, serendipity: 0.2885390341145513
[2021-09-16 03:02:18,823] DEBUG  Finished AutoRec, {'hidden_layer_size': 512, 'random_state': 11}
[2021-09-16 03:02:34,465] DEBUG  Started AutoRec, {'hidden_layer_size': 512, 'random_state': 42}
[2021-09-16 03:03:07,623] DEBUG  Recall: 0.020695364238410598, coverage: 0.024015110631408525, serendipity: 0.2987134344946109
[2021-09-16 03:03:07,623] DEBUG  Finished AutoRec, {'hidden_layer_size': 512, 'random_state': 42}
[2021-09-16 03:03:23,236] DEBUG  Started AutoRec, {'hidden_layer_size': 512, 'random_state': 77}
[2021-09-16 03:03:57,386] DEBUG  Recall: 0.01903973509933775, coverage: 0.019158121964382085, serendipity: 0.29261138402138526
[2021-09-16 03:03:57,386] DEBUG  Finished AutoRec, {'hidden_layer_size': 512, 'random_state': 77}
[2021-09-16 03:04:28,658] DEBUG  Started AutoRec, {'hidden_layer_size': 768, 'random_state': 11}
[2021-09-16 03:05:00,126] DEBUG  Recall: 0.024006622516556293, coverage: 0.04101457096600108, serendipity: 0.3214467263567914
[2021-09-16 03:05:00,127] DEBUG  Finished AutoRec, {'hidden_layer_size': 768, 'random_state': 11}
[2021-09-16 03:05:10,381] DEBUG  Started AutoRec, {'hidden_layer_size': 768, 'random_state': 42}
[2021-09-16 03:05:43,081] DEBUG  Recall: 0.01903973509933775, coverage: 0.0059363194819212085, serendipity: 0.25738503787465794
[2021-09-16 03:05:43,082] DEBUG  Finished AutoRec, {'hidden_layer_size': 768, 'random_state': 42}
[2021-09-16 03:05:52,515] DEBUG  Started AutoRec, {'hidden_layer_size': 768, 'random_state': 77}
[2021-09-16 03:06:25,374] DEBUG  Recall: 0.01903973509933775, coverage: 0.007015650296815974, serendipity: 0.25779221228471866
[2021-09-16 03:06:25,374] DEBUG  Finished AutoRec, {'hidden_layer_size': 768, 'random_state': 77}
[2021-09-16 03:06:35,593] DEBUG  Started AutoRec, {'hidden_layer_size': 1024, 'random_state': 11}
[2021-09-16 03:07:08,069] DEBUG  Recall: 0.023178807947019868, coverage: 0.006745817593092283, serendipity: 0.2549313383157436
[2021-09-16 03:07:08,069] DEBUG  Finished AutoRec, {'hidden_layer_size': 1024, 'random_state': 11}
[2021-09-16 03:07:45,517] DEBUG  Started AutoRec, {'hidden_layer_size': 1024, 'random_state': 42}
[2021-09-16 03:08:17,959] DEBUG  Recall: 0.029801324503311258, coverage: 0.045871559633027525, serendipity: 0.32671370226610086
[2021-09-16 03:08:17,959] DEBUG  Finished AutoRec, {'hidden_layer_size': 1024, 'random_state': 42}
[2021-09-16 03:08:27,790] DEBUG  Started AutoRec, {'hidden_layer_size': 1024, 'random_state': 77}
[2021-09-16 03:09:02,016] DEBUG  Recall: 0.02152317880794702, coverage: 0.005396654074473826, serendipity: 0.25589355970466854
[2021-09-16 03:09:02,016] DEBUG  Finished AutoRec, {'hidden_layer_size': 1024, 'random_state': 77}
[2021-09-16 03:09:12,850] DEBUG  Started AutoRec, {'hidden_layer_size': 1536, 'random_state': 11}
[2021-09-16 03:09:46,790] DEBUG  Recall: 0.023178807947019868, coverage: 0.0059363194819212085, serendipity: 0.25185339681132735
[2021-09-16 03:09:46,790] DEBUG  Finished AutoRec, {'hidden_layer_size': 1536, 'random_state': 11}
[2021-09-16 03:09:57,668] DEBUG  Started AutoRec, {'hidden_layer_size': 1536, 'random_state': 42}
[2021-09-16 03:10:31,318] DEBUG  Recall: 0.018211920529801324, coverage: 0.005666486778197518, serendipity: 0.2537918166736669
[2021-09-16 03:10:31,318] DEBUG  Finished AutoRec, {'hidden_layer_size': 1536, 'random_state': 42}
[2021-09-16 03:11:05,146] DEBUG  Started AutoRec, {'hidden_layer_size': 1536, 'random_state': 77}
[2021-09-16 03:11:39,758] DEBUG  Recall: 0.026490066225165563, coverage: 0.04371289800323799, serendipity: 0.32801501909943853
[2021-09-16 03:11:39,758] DEBUG  Finished AutoRec, {'hidden_layer_size': 1536, 'random_state': 77}
[2021-09-16 03:12:11,453] DEBUG  Started AutoRec, {'hidden_layer_size': 2048, 'random_state': 11}
[2021-09-16 03:12:47,205] DEBUG  Recall: 0.019867549668874173, coverage: 0.03912574203993524, serendipity: 0.31809472762081764
[2021-09-16 03:12:47,205] DEBUG  Finished AutoRec, {'hidden_layer_size': 2048, 'random_state': 11}
[2021-09-16 03:12:58,271] DEBUG  Started AutoRec, {'hidden_layer_size': 2048, 'random_state': 42}
[2021-09-16 03:13:32,970] DEBUG  Recall: 0.019867549668874173, coverage: 0.005396654074473826, serendipity: 0.25955783771508395
[2021-09-16 03:13:32,970] DEBUG  Finished AutoRec, {'hidden_layer_size': 2048, 'random_state': 42}
[2021-09-16 03:14:12,976] DEBUG  Started AutoRec, {'hidden_layer_size': 2048, 'random_state': 77}
[2021-09-16 03:14:47,889] DEBUG  Recall: 0.02566225165562914, coverage: 0.04641122504047491, serendipity: 0.3308821255015491
[2021-09-16 03:14:47,889] DEBUG  Finished AutoRec, {'hidden_layer_size': 2048, 'random_state': 77}
[2021-09-16 03:14:47,891] INFO  Grid search ended: AutoRec
[2021-09-16 03:14:47,891] INFO  Saved AutoRec as ./AutoRec.joblib
