[2022-01-26 14:56:51,416] INFO  Dataset: 1m
[2022-01-26 15:43:56,334] INFO  Grid search started: KNNpopularity
[2022-01-26 15:43:56,529] DEBUG  Started KNNpopularity, {'k': 5}
[2022-01-26 15:44:23,660] DEBUG  Recall: 0.07533112582781457,coverage: 0.3073394495412844,novelty: 0.8066206574440002,unexpectedness: 0.28700331125827816,relevance: 0.29233816910500726
[2022-01-26 15:44:23,661] DEBUG  Finished KNNpopularity, {'k': 5}
[2022-01-26 15:44:23,855] DEBUG  Started KNNpopularity, {'k': 10}
[2022-01-26 15:44:55,020] DEBUG  Recall: 0.08112582781456953,coverage: 0.2366432811656773,novelty: 0.7820445895195007,unexpectedness: 0.09644039735099338,relevance: 0.2932451787010204
[2022-01-26 15:44:55,021] DEBUG  Finished KNNpopularity, {'k': 10}
[2022-01-26 15:44:55,213] DEBUG  Started KNNpopularity, {'k': 15}
[2022-01-26 15:45:30,716] DEBUG  Recall: 0.08609271523178808,coverage: 0.2050728548300054,novelty: 0.7544700503349304,unexpectedness: 0.04147350993377483,relevance: 0.2928664837924969
[2022-01-26 15:45:30,717] DEBUG  Finished KNNpopularity, {'k': 15}
[2022-01-26 15:45:30,911] DEBUG  Started KNNpopularity, {'k': 20}
[2022-01-26 15:46:08,908] DEBUG  Recall: 0.0836092715231788,coverage: 0.1829465731246627,novelty: 0.7494011521339417,unexpectedness: 0.03269867549668874,relevance: 0.2915136240367329
[2022-01-26 15:46:08,909] DEBUG  Finished KNNpopularity, {'k': 20}
[2022-01-26 15:46:09,099] DEBUG  Started KNNpopularity, {'k': 30}
[2022-01-26 15:46:53,495] DEBUG  Recall: 0.08278145695364239,coverage: 0.15893146249325418,novelty: 0.7331822514533997,unexpectedness: 0.021026490066225166,relevance: 0.2880449939637745
[2022-01-26 15:46:53,496] DEBUG  Finished KNNpopularity, {'k': 30}
[2022-01-26 15:46:53,692] DEBUG  Started KNNpopularity, {'k': 40}
[2022-01-26 15:47:43,388] DEBUG  Recall: 0.0836092715231788,coverage: 0.13815434430652995,novelty: 0.7169581651687622,unexpectedness: 0.009850993377483446,relevance: 0.28564876663124517
[2022-01-26 15:47:43,389] DEBUG  Finished KNNpopularity, {'k': 40}
[2022-01-26 15:47:43,573] DEBUG  Started KNNpopularity, {'k': 50}
[2022-01-26 15:48:40,919] DEBUG  Recall: 0.08278145695364239,coverage: 0.12898003237992445,novelty: 0.7042673826217651,unexpectedness: 0.007367549668874174,relevance: 0.28294409393856856
[2022-01-26 15:48:40,920] DEBUG  Finished KNNpopularity, {'k': 50}
[2022-01-26 15:48:41,120] DEBUG  Started KNNpopularity, {'k': 60}
[2022-01-26 15:49:47,771] DEBUG  Recall: 0.0836092715231788,coverage: 0.11575822989746357,novelty: 0.6888561844825745,unexpectedness: 0.006125827814569536,relevance: 0.2808549416492484
[2022-01-26 15:49:47,772] DEBUG  Finished KNNpopularity, {'k': 60}
[2022-01-26 15:49:47,980] DEBUG  Started KNNpopularity, {'k': 70}
[2022-01-26 15:51:00,402] DEBUG  Recall: 0.08526490066225166,coverage: 0.10793308148947653,novelty: 0.6779860854148865,unexpectedness: 0.004718543046357616,relevance: 0.27868624286324983
[2022-01-26 15:51:00,403] DEBUG  Finished KNNpopularity, {'k': 70}
[2022-01-26 15:51:00,603] DEBUG  Started KNNpopularity, {'k': 80}
[2022-01-26 15:52:21,799] DEBUG  Recall: 0.0802980132450331,coverage: 0.10199676200755532,novelty: 0.6645212769508362,unexpectedness: 0.002980132450331126,relevance: 0.2766249023667557
[2022-01-26 15:52:21,801] DEBUG  Finished KNNpopularity, {'k': 80}
[2022-01-26 15:52:22,013] DEBUG  Started KNNpopularity, {'k': 90}
[2022-01-26 15:53:48,484] DEBUG  Recall: 0.0802980132450331,coverage: 0.09579060982191041,novelty: 0.6575667858123779,unexpectedness: 0.003973509933774834,relevance: 0.2754018065828818
[2022-01-26 15:53:48,486] DEBUG  Finished KNNpopularity, {'k': 90}
[2022-01-26 15:53:48,692] DEBUG  Started KNNpopularity, {'k': 100}
[2022-01-26 15:55:28,923] DEBUG  Recall: 0.08857615894039735,coverage: 0.09093362115488397,novelty: 0.6488868594169617,unexpectedness: 0.006291390728476821,relevance: 0.2734647038754146
[2022-01-26 15:55:28,924] DEBUG  Finished KNNpopularity, {'k': 100}
[2022-01-26 15:55:29,133] DEBUG  Started KNNpopularity, {'k': 300}
[2022-01-26 15:59:36,231] DEBUG  Recall: 0.06788079470198675,coverage: 0.05558553696708041,novelty: 0.5577728152275085,unexpectedness: 0.010264900662251657,relevance: 0.25630038788377896
[2022-01-26 15:59:36,232] DEBUG  Finished KNNpopularity, {'k': 300}
[2022-01-26 15:59:36,445] DEBUG  Started KNNpopularity, {'k': 500}
[2022-01-26 16:06:01,131] DEBUG  Recall: 0.056291390728476824,coverage: 0.04506206152185645,novelty: 0.5173619985580444,unexpectedness: 0.004470198675496689,relevance: 0.24850541063041742
[2022-01-26 16:06:01,133] DEBUG  Finished KNNpopularity, {'k': 500}
[2022-01-26 16:06:01,337] DEBUG  Started KNNpopularity, {'k': 700}
[2022-01-26 16:14:35,335] DEBUG  Recall: 0.04966887417218543,coverage: 0.03939557474365893,novelty: 0.48225393891334534,unexpectedness: 0.004221854304635762,relevance: 0.24323880568978354
[2022-01-26 16:14:35,337] DEBUG  Finished KNNpopularity, {'k': 700}
[2022-01-26 16:14:35,542] DEBUG  Started KNNpopularity, {'k': 1000}
[2022-01-26 16:26:20,806] DEBUG  Recall: 0.04718543046357616,coverage: 0.03588774959525094,novelty: 0.440154105424881,unexpectedness: 0.045860927152317876,relevance: 0.2379290609883198
[2022-01-26 16:26:20,809] DEBUG  Finished KNNpopularity, {'k': 1000}
[2022-01-26 16:26:20,809] INFO  Grid search ended: KNNpopularity
[2022-01-26 16:26:20,809] INFO  Saved KNNpopularity as results/26_01_22_14_56_00_gs/KNNpopularity.joblib
[2022-01-26 16:41:04,597] INFO  Dataset: 1m
[2022-01-26 16:41:06,334] INFO  Grid search started: MatrixFactorization
[2022-01-26 16:41:06,788] DEBUG  Started MatrixFactorization, {'n_components': 5, 'random_state': 42}
[2022-01-26 16:41:35,846] DEBUG  Recall: 0.055463576158940396,coverage: 0.17593092282784673,novelty: 0.7432193160057068,unexpectedness: 0.35596026490066224,relevance: 0.2876845175657701
[2022-01-26 16:41:35,847] DEBUG  Finished MatrixFactorization, {'n_components': 5, 'random_state': 42}
[2022-01-26 16:41:36,387] DEBUG  Started MatrixFactorization, {'n_components': 10, 'random_state': 42}
[2022-01-26 16:42:05,742] DEBUG  Recall: 0.07119205298013245,coverage: 0.1894225580140313,novelty: 0.7510954141616821,unexpectedness: 0.23418874172185428,relevance: 0.30464697705078314
[2022-01-26 16:42:05,742] DEBUG  Finished MatrixFactorization, {'n_components': 10, 'random_state': 42}
[2022-01-26 16:42:06,415] DEBUG  Started MatrixFactorization, {'n_components': 20, 'random_state': 42}
[2022-01-26 16:42:36,617] DEBUG  Recall: 0.08609271523178808,coverage: 0.2018348623853211,novelty: 0.7647770047187805,unexpectedness: 0.18625827814569537,relevance: 0.307412550523072
[2022-01-26 16:42:36,617] DEBUG  Finished MatrixFactorization, {'n_components': 20, 'random_state': 42}
[2022-01-26 16:42:37,522] DEBUG  Started MatrixFactorization, {'n_components': 50, 'random_state': 42}
[2022-01-26 16:43:08,535] DEBUG  Recall: 0.0869205298013245,coverage: 0.20696168375607124,novelty: 0.7790922522544861,unexpectedness: 0.15447019867549672,relevance: 0.310026425356974
[2022-01-26 16:43:08,535] DEBUG  Finished MatrixFactorization, {'n_components': 50, 'random_state': 42}
[2022-01-26 16:43:09,913] DEBUG  Started MatrixFactorization, {'n_components': 100, 'random_state': 42}
[2022-01-26 16:43:41,326] DEBUG  Recall: 0.08278145695364239,coverage: 0.20615218564490015,novelty: 0.7898902893066406,unexpectedness: 0.1228476821192053,relevance: 0.3074593974468046
[2022-01-26 16:43:41,326] DEBUG  Finished MatrixFactorization, {'n_components': 100, 'random_state': 42}
[2022-01-26 16:43:43,615] DEBUG  Started MatrixFactorization, {'n_components': 200, 'random_state': 42}
[2022-01-26 16:44:16,171] DEBUG  Recall: 0.08774834437086093,coverage: 0.2085806799784134,novelty: 0.7866077423095703,unexpectedness: 0.09420529801324504,relevance: 0.30460851902843566
[2022-01-26 16:44:16,172] DEBUG  Finished MatrixFactorization, {'n_components': 200, 'random_state': 42}
[2022-01-26 16:44:22,150] DEBUG  Started MatrixFactorization, {'n_components': 500, 'random_state': 42}
[2022-01-26 16:44:56,402] DEBUG  Recall: 0.0869205298013245,coverage: 0.20291419320021586,novelty: 0.7653064131736755,unexpectedness: 0.05587748344370861,relevance: 0.30022476169534007
[2022-01-26 16:44:56,402] DEBUG  Finished MatrixFactorization, {'n_components': 500, 'random_state': 42}
[2022-01-26 16:45:08,611] DEBUG  Started MatrixFactorization, {'n_components': 1000, 'random_state': 42}
[2022-01-26 16:45:44,242] DEBUG  Recall: 0.08278145695364239,coverage: 0.19454937938478142,novelty: 0.7612143754959106,unexpectedness: 0.02905629139072848,relevance: 0.2955353777301547
[2022-01-26 16:45:44,243] DEBUG  Finished MatrixFactorization, {'n_components': 1000, 'random_state': 42}
[2022-01-26 16:46:11,638] DEBUG  Started MatrixFactorization, {'n_components': 2000, 'random_state': 42}
[2022-01-26 16:46:51,286] DEBUG  Recall: 0.0836092715231788,coverage: 0.18456556934700485,novelty: 0.7544249296188354,unexpectedness: 0.007781456953642385,relevance: 0.2915858616956836
[2022-01-26 16:46:51,287] DEBUG  Finished MatrixFactorization, {'n_components': 2000, 'random_state': 42}
[2022-01-26 16:46:51,290] INFO  Grid search ended: MatrixFactorization
[2022-01-26 16:46:51,290] INFO  Saved MatrixFactorization as results/26_01_22_14_56_00_gs/MatrixFactorization.joblib
[2022-01-26 16:46:52,038] INFO  Grid search started: EASE
[2022-01-26 16:46:52,039] DEBUG  Started EASE, {'l': 1.0}
[2022-01-26 16:47:06,995] DEBUG  Recall: 0.012417218543046357,coverage: 0.2625472207231516,novelty: 0.7658888697624207,unexpectedness: 0.171523178807947,relevance: 0.3374311186221695
[2022-01-26 16:47:06,996] DEBUG  Finished EASE, {'l': 1.0}
[2022-01-26 16:47:07,003] DEBUG  Started EASE, {'l': 10.0}
[2022-01-26 16:47:22,589] DEBUG  Recall: 0.023178807947019868,coverage: 0.23340528872099298,novelty: 0.7638028264045715,unexpectedness: 0.026076158940397352,relevance: 0.3406742352308772
[2022-01-26 16:47:22,590] DEBUG  Finished EASE, {'l': 10.0}
[2022-01-26 16:47:22,596] DEBUG  Started EASE, {'l': 50.0}
[2022-01-26 16:47:37,485] DEBUG  Recall: 0.03145695364238411,coverage: 0.20561252023745277,novelty: 0.7552644610404968,unexpectedness: 0.00935430463576159,relevance: 0.34400993325936924
[2022-01-26 16:47:37,486] DEBUG  Finished EASE, {'l': 50.0}
[2022-01-26 16:47:37,493] DEBUG  Started EASE, {'l': 100.0}
[2022-01-26 16:47:52,516] DEBUG  Recall: 0.037251655629139076,coverage: 0.1864543982730707,novelty: 0.7494012713432312,unexpectedness: 0.0064569536423841065,relevance: 0.34538724924135306
[2022-01-26 16:47:52,516] DEBUG  Finished EASE, {'l': 100.0}
[2022-01-26 16:47:52,522] DEBUG  Started EASE, {'l': 250.0}
[2022-01-26 16:48:07,187] DEBUG  Recall: 0.043874172185430466,coverage: 0.1651376146788991,novelty: 0.7424414157867432,unexpectedness: 0.005132450331125828,relevance: 0.34653708954083245
[2022-01-26 16:48:07,187] DEBUG  Finished EASE, {'l': 250.0}
[2022-01-26 16:48:07,194] DEBUG  Started EASE, {'l': 500.0}
[2022-01-26 16:48:22,171] DEBUG  Recall: 0.048841059602649006,coverage: 0.14867781975175393,novelty: 0.7354980707168579,unexpectedness: 0.003062913907284768,relevance: 0.3476571304357051
[2022-01-26 16:48:22,171] DEBUG  Finished EASE, {'l': 500.0}
[2022-01-26 16:48:22,178] DEBUG  Started EASE, {'l': 750.0}
[2022-01-26 16:48:36,921] DEBUG  Recall: 0.04966887417218543,coverage: 0.13572584997301673,novelty: 0.7293603420257568,unexpectedness: 0.001241721854304636,relevance: 0.34778859136222673
[2022-01-26 16:48:36,921] DEBUG  Finished EASE, {'l': 750.0}
[2022-01-26 16:48:36,928] DEBUG  Started EASE, {'l': 1000.0}
[2022-01-26 16:48:51,669] DEBUG  Recall: 0.04966887417218543,coverage: 0.12817053426875338,novelty: 0.7212021946907043,unexpectedness: 0.0019867549668874177,relevance: 0.3476853508786507
[2022-01-26 16:48:51,670] DEBUG  Finished EASE, {'l': 1000.0}
[2022-01-26 16:48:51,677] DEBUG  Started EASE, {'l': 2000.0}
[2022-01-26 16:49:06,580] DEBUG  Recall: 0.04966887417218543,coverage: 0.11117107393416081,novelty: 0.6963515281677246,unexpectedness: 0.005463576158940398,relevance: 0.3465168622124719
[2022-01-26 16:49:06,581] DEBUG  Finished EASE, {'l': 2000.0}
[2022-01-26 16:49:06,588] DEBUG  Started EASE, {'l': 5000.0}
[2022-01-26 16:49:21,243] DEBUG  Recall: 0.04470198675496689,coverage: 0.08634646519158122,novelty: 0.6612159609794617,unexpectedness: 0.005132450331125828,relevance: 0.3420922306777796
[2022-01-26 16:49:21,243] DEBUG  Finished EASE, {'l': 5000.0}
[2022-01-26 16:49:21,249] DEBUG  Started EASE, {'l': 10000.0}
[2022-01-26 16:49:35,920] DEBUG  Recall: 0.04470198675496689,coverage: 0.06745817593092283,novelty: 0.6335723996162415,unexpectedness: 0.0380794701986755,relevance: 0.33602362537816255
[2022-01-26 16:49:35,920] DEBUG  Finished EASE, {'l': 10000.0}
[2022-01-26 16:49:35,928] INFO  Grid search ended: EASE
[2022-01-26 16:49:35,928] INFO  Saved EASE as results/26_01_22_14_56_00_gs/EASE.joblib
