[2021-09-19 23:32:15,210] INFO  Dataset: 1m
[2021-09-19 23:53:15,235] INFO  Grid search started: KNNpopularity
[2021-09-19 23:53:15,434] DEBUG  Started KNNpopularity, {'K': 5}
[2021-09-19 23:53:16,450] DEBUG  Recall: 0, coverage: 0.0, serendipity: nan
[2021-09-19 23:53:16,450] DEBUG  Finished KNNpopularity, {'K': 5}
[2021-09-19 23:53:16,646] DEBUG  Started KNNpopularity, {'K': 10}
[2021-09-19 23:53:17,401] DEBUG  Recall: 0, coverage: 0.0, serendipity: nan
[2021-09-19 23:53:17,401] DEBUG  Finished KNNpopularity, {'K': 10}
[2021-09-19 23:53:17,601] DEBUG  Started KNNpopularity, {'K': 15}
[2021-09-19 23:53:18,357] DEBUG  Recall: 0, coverage: 0.0, serendipity: nan
[2021-09-19 23:53:18,357] DEBUG  Finished KNNpopularity, {'K': 15}
[2021-09-19 23:53:18,553] DEBUG  Started KNNpopularity, {'K': 20}
[2021-09-19 23:53:19,310] DEBUG  Recall: 0, coverage: 0.0, serendipity: nan
[2021-09-19 23:53:19,310] DEBUG  Finished KNNpopularity, {'K': 20}
[2021-09-19 23:53:19,507] DEBUG  Started KNNpopularity, {'K': 30}
[2021-09-19 23:53:20,259] DEBUG  Recall: 0, coverage: 0.0, serendipity: nan
[2021-09-19 23:53:20,259] DEBUG  Finished KNNpopularity, {'K': 30}
[2021-09-19 23:53:20,455] DEBUG  Started KNNpopularity, {'K': 40}
[2021-09-19 23:53:21,210] DEBUG  Recall: 0, coverage: 0.0, serendipity: nan
[2021-09-19 23:53:21,210] DEBUG  Finished KNNpopularity, {'K': 40}
[2021-09-19 23:53:21,406] DEBUG  Started KNNpopularity, {'K': 50}
[2021-09-19 23:53:22,160] DEBUG  Recall: 0, coverage: 0.0, serendipity: nan
[2021-09-19 23:53:22,160] DEBUG  Finished KNNpopularity, {'K': 50}
[2021-09-19 23:53:22,356] DEBUG  Started KNNpopularity, {'K': 60}
[2021-09-19 23:53:23,108] DEBUG  Recall: 0, coverage: 0.0, serendipity: nan
[2021-09-19 23:53:23,108] DEBUG  Finished KNNpopularity, {'K': 60}
[2021-09-19 23:53:23,304] DEBUG  Started KNNpopularity, {'K': 70}
[2021-09-19 23:53:24,055] DEBUG  Recall: 0, coverage: 0.0, serendipity: nan
[2021-09-19 23:53:24,055] DEBUG  Finished KNNpopularity, {'K': 70}
[2021-09-19 23:53:24,250] DEBUG  Started KNNpopularity, {'K': 80}
[2021-09-19 23:53:25,008] DEBUG  Recall: 0, coverage: 0.0, serendipity: nan
[2021-09-19 23:53:25,008] DEBUG  Finished KNNpopularity, {'K': 80}
[2021-09-19 23:53:25,205] DEBUG  Started KNNpopularity, {'K': 90}
[2021-09-19 23:53:25,959] DEBUG  Recall: 0, coverage: 0.0, serendipity: nan
[2021-09-19 23:53:25,959] DEBUG  Finished KNNpopularity, {'K': 90}
[2021-09-19 23:53:26,155] DEBUG  Started KNNpopularity, {'K': 100}
[2021-09-19 23:53:26,909] DEBUG  Recall: 0, coverage: 0.0, serendipity: nan
[2021-09-19 23:53:26,909] DEBUG  Finished KNNpopularity, {'K': 100}
[2021-09-19 23:53:27,105] DEBUG  Started KNNpopularity, {'K': 300}
[2021-09-19 23:53:27,856] DEBUG  Recall: 0, coverage: 0.0, serendipity: nan
[2021-09-19 23:53:27,856] DEBUG  Finished KNNpopularity, {'K': 300}
[2021-09-19 23:53:28,052] DEBUG  Started KNNpopularity, {'K': 500}
[2021-09-19 23:53:28,809] DEBUG  Recall: 0, coverage: 0.0, serendipity: nan
[2021-09-19 23:53:28,809] DEBUG  Finished KNNpopularity, {'K': 500}
[2021-09-19 23:53:29,006] DEBUG  Started KNNpopularity, {'K': 700}
[2021-09-19 23:53:29,766] DEBUG  Recall: 0, coverage: 0.0, serendipity: nan
[2021-09-19 23:53:29,767] DEBUG  Finished KNNpopularity, {'K': 700}
[2021-09-19 23:53:29,964] DEBUG  Started KNNpopularity, {'K': 1000}
[2021-09-19 23:53:30,716] DEBUG  Recall: 0, coverage: 0.0, serendipity: nan
[2021-09-19 23:53:30,716] DEBUG  Finished KNNpopularity, {'K': 1000}
[2021-09-19 23:53:30,716] INFO  Grid search ended: KNNpopularity
[2021-09-19 23:53:30,716] INFO  Saved KNNpopularity as ./KNNpopularity.joblib
[2021-09-19 23:53:30,717] INFO  Grid search started: MatrixFactorization
[2021-09-19 23:53:31,635] DEBUG  Started MatrixFactorization, {'n_components': 5, 'random_state': 42}
[2021-09-19 23:57:46,171] DEBUG  Recall: 0.01076158940397351, coverage: 0.16837560712358338, serendipity: 0.285729611862802
[2021-09-19 23:57:46,172] DEBUG  Finished MatrixFactorization, {'n_components': 5, 'random_state': 42}
[2021-09-19 23:57:47,039] DEBUG  Started MatrixFactorization, {'n_components': 10, 'random_state': 42}
[2021-09-20 00:02:01,562] DEBUG  Recall: 0.018211920529801324, coverage: 0.17889908256880735, serendipity: 0.29973130093405814
[2021-09-20 00:02:01,563] DEBUG  Finished MatrixFactorization, {'n_components': 10, 'random_state': 42}
[2021-09-20 00:02:02,611] DEBUG  Started MatrixFactorization, {'n_components': 20, 'random_state': 42}
[2021-09-20 00:06:16,930] DEBUG  Recall: 0.016556291390728478, coverage: 0.18132757690232057, serendipity: 0.3049674316271492
[2021-09-20 00:06:16,930] DEBUG  Finished MatrixFactorization, {'n_components': 20, 'random_state': 42}
[2021-09-20 00:06:18,228] DEBUG  Started MatrixFactorization, {'n_components': 50, 'random_state': 42}
[2021-09-20 00:10:34,206] DEBUG  Recall: 0.014900662251655629, coverage: 0.18186724230976795, serendipity: 0.30526031219855654
[2021-09-20 00:10:34,207] DEBUG  Finished MatrixFactorization, {'n_components': 50, 'random_state': 42}
[2021-09-20 00:10:36,069] DEBUG  Started MatrixFactorization, {'n_components': 100, 'random_state': 42}
[2021-09-20 00:14:52,537] DEBUG  Recall: 0.016556291390728478, coverage: 0.1770102536427415, serendipity: 0.3039279064065018
[2021-09-20 00:14:52,537] DEBUG  Finished MatrixFactorization, {'n_components': 100, 'random_state': 42}
[2021-09-20 00:14:55,365] DEBUG  Started MatrixFactorization, {'n_components': 200, 'random_state': 42}
[2021-09-20 00:19:23,669] DEBUG  Recall: 0.01903973509933775, coverage: 0.17296276308688613, serendipity: 0.30439872520881833
[2021-09-20 00:19:23,669] DEBUG  Finished MatrixFactorization, {'n_components': 200, 'random_state': 42}
[2021-09-20 00:19:29,522] DEBUG  Started MatrixFactorization, {'n_components': 500, 'random_state': 42}
[2021-09-20 00:24:55,136] DEBUG  Recall: 0.015728476821192054, coverage: 0.17674042093901782, serendipity: 0.30174492270272774
[2021-09-20 00:24:55,136] DEBUG  Finished MatrixFactorization, {'n_components': 500, 'random_state': 42}
[2021-09-20 00:25:06,879] DEBUG  Started MatrixFactorization, {'n_components': 1000, 'random_state': 42}
[2021-09-20 00:31:38,189] DEBUG  Recall: 0.016556291390728478, coverage: 0.17674042093901782, serendipity: 0.2991551325017812
[2021-09-20 00:31:38,189] DEBUG  Finished MatrixFactorization, {'n_components': 1000, 'random_state': 42}
[2021-09-20 00:32:07,761] DEBUG  Started MatrixFactorization, {'n_components': 2000, 'random_state': 42}
[2021-09-20 00:38:57,785] DEBUG  Recall: 0.01903973509933775, coverage: 0.17647058823529413, serendipity: 0.29729639154067816
[2021-09-20 00:38:57,785] DEBUG  Finished MatrixFactorization, {'n_components': 2000, 'random_state': 42}
[2021-09-20 00:38:57,786] INFO  Grid search ended: MatrixFactorization
[2021-09-20 00:38:57,786] INFO  Saved MatrixFactorization as ./MatrixFactorization.joblib
[2021-09-20 00:38:57,787] INFO  Grid search started: AutoRec
[2021-09-20 00:39:03,984] DEBUG  Started AutoRec, {'hidden_layer_size': 8, 'random_state': 11}
[2021-09-20 00:40:21,926] DEBUG  Recall: 0.013245033112582781, coverage: 0.05207771181867242, serendipity: 0.24604672425807
[2021-09-20 00:40:21,926] DEBUG  Finished AutoRec, {'hidden_layer_size': 8, 'random_state': 11}
[2021-09-20 00:40:28,290] DEBUG  Started AutoRec, {'hidden_layer_size': 8, 'random_state': 42}
[2021-09-20 00:41:46,037] DEBUG  Recall: 0.01903973509933775, coverage: 0.041824069077172156, serendipity: 0.24744433247489886
[2021-09-20 00:41:46,037] DEBUG  Finished AutoRec, {'hidden_layer_size': 8, 'random_state': 42}
[2021-09-20 00:41:52,576] DEBUG  Started AutoRec, {'hidden_layer_size': 8, 'random_state': 77}
[2021-09-20 00:43:09,892] DEBUG  Recall: 0.028973509933774833, coverage: 0.0434430652995143, serendipity: 0.2358637135815286
[2021-09-20 00:43:09,893] DEBUG  Finished AutoRec, {'hidden_layer_size': 8, 'random_state': 77}
[2021-09-20 00:43:16,481] DEBUG  Started AutoRec, {'hidden_layer_size': 16, 'random_state': 11}
[2021-09-20 00:44:33,777] DEBUG  Recall: 0.020695364238410598, coverage: 0.09039395574743658, serendipity: 0.244352113739714
[2021-09-20 00:44:33,777] DEBUG  Finished AutoRec, {'hidden_layer_size': 16, 'random_state': 11}
[2021-09-20 00:44:40,026] DEBUG  Started AutoRec, {'hidden_layer_size': 16, 'random_state': 42}
[2021-09-20 00:45:58,339] DEBUG  Recall: 0.022350993377483443, coverage: 0.06745817593092283, serendipity: 0.2464567223620564
[2021-09-20 00:45:58,339] DEBUG  Finished AutoRec, {'hidden_layer_size': 16, 'random_state': 42}
[2021-09-20 00:46:04,543] DEBUG  Started AutoRec, {'hidden_layer_size': 16, 'random_state': 77}
[2021-09-20 00:47:22,371] DEBUG  Recall: 0.02152317880794702, coverage: 0.06610901241230437, serendipity: 0.25196932919871834
[2021-09-20 00:47:22,372] DEBUG  Finished AutoRec, {'hidden_layer_size': 16, 'random_state': 77}
[2021-09-20 00:47:28,489] DEBUG  Started AutoRec, {'hidden_layer_size': 64, 'random_state': 11}
[2021-09-20 00:48:46,374] DEBUG  Recall: 0.0074503311258278145, coverage: 0.20885051268213708, serendipity: 0.24667389500818263
[2021-09-20 00:48:46,375] DEBUG  Finished AutoRec, {'hidden_layer_size': 64, 'random_state': 11}
[2021-09-20 00:48:52,515] DEBUG  Started AutoRec, {'hidden_layer_size': 64, 'random_state': 42}
[2021-09-20 00:50:11,103] DEBUG  Recall: 0.01903973509933775, coverage: 0.19185105234754452, serendipity: 0.2452475229072851
[2021-09-20 00:50:11,103] DEBUG  Finished AutoRec, {'hidden_layer_size': 64, 'random_state': 42}
[2021-09-20 00:50:17,240] DEBUG  Started AutoRec, {'hidden_layer_size': 64, 'random_state': 77}
[2021-09-20 00:51:36,467] DEBUG  Recall: 0.015728476821192054, coverage: 0.22315164597949272, serendipity: 0.2420789200267683
[2021-09-20 00:51:36,468] DEBUG  Finished AutoRec, {'hidden_layer_size': 64, 'random_state': 77}
[2021-09-20 00:51:42,800] DEBUG  Started AutoRec, {'hidden_layer_size': 128, 'random_state': 11}
[2021-09-20 00:53:01,846] DEBUG  Recall: 0.01076158940397351, coverage: 0.36427415002698327, serendipity: 0.23814540976843804
[2021-09-20 00:53:01,846] DEBUG  Finished AutoRec, {'hidden_layer_size': 128, 'random_state': 11}
[2021-09-20 00:53:08,174] DEBUG  Started AutoRec, {'hidden_layer_size': 128, 'random_state': 42}
[2021-09-20 00:54:27,200] DEBUG  Recall: 0.013245033112582781, coverage: 0.35348084187803563, serendipity: 0.23220642297140273
[2021-09-20 00:54:27,200] DEBUG  Finished AutoRec, {'hidden_layer_size': 128, 'random_state': 42}
[2021-09-20 00:54:33,552] DEBUG  Started AutoRec, {'hidden_layer_size': 128, 'random_state': 77}
[2021-09-20 00:55:51,146] DEBUG  Recall: 0.0074503311258278145, coverage: 0.3858607663248786, serendipity: 0.2402638815911877
[2021-09-20 00:55:51,147] DEBUG  Finished AutoRec, {'hidden_layer_size': 128, 'random_state': 77}
[2021-09-20 00:55:57,394] DEBUG  Started AutoRec, {'hidden_layer_size': 192, 'random_state': 11}
[2021-09-20 00:57:15,817] DEBUG  Recall: 0.011589403973509934, coverage: 0.43416082029141934, serendipity: 0.24067950096868043
[2021-09-20 00:57:15,817] DEBUG  Finished AutoRec, {'hidden_layer_size': 192, 'random_state': 11}
[2021-09-20 00:57:22,146] DEBUG  Started AutoRec, {'hidden_layer_size': 192, 'random_state': 42}
[2021-09-20 00:58:41,220] DEBUG  Recall: 0.01903973509933775, coverage: 0.4252563410685375, serendipity: 0.2385009024862992
[2021-09-20 00:58:41,221] DEBUG  Finished AutoRec, {'hidden_layer_size': 192, 'random_state': 42}
[2021-09-20 00:58:48,064] DEBUG  Started AutoRec, {'hidden_layer_size': 192, 'random_state': 77}
[2021-09-20 01:00:05,482] DEBUG  Recall: 0.0074503311258278145, coverage: 0.46977873718294655, serendipity: 0.23680319049017048
[2021-09-20 01:00:05,482] DEBUG  Finished AutoRec, {'hidden_layer_size': 192, 'random_state': 77}
[2021-09-20 01:00:11,670] DEBUG  Started AutoRec, {'hidden_layer_size': 256, 'random_state': 11}
[2021-09-20 01:01:27,950] DEBUG  Recall: 0.009933774834437087, coverage: 0.492984349703184, serendipity: 0.23288011678731535
[2021-09-20 01:01:27,950] DEBUG  Finished AutoRec, {'hidden_layer_size': 256, 'random_state': 11}
[2021-09-20 01:01:34,199] DEBUG  Started AutoRec, {'hidden_layer_size': 256, 'random_state': 42}
[2021-09-20 01:02:50,953] DEBUG  Recall: 0.006622516556291391, coverage: 0.49217485159201296, serendipity: 0.2342417519485279
[2021-09-20 01:02:50,953] DEBUG  Finished AutoRec, {'hidden_layer_size': 256, 'random_state': 42}
[2021-09-20 01:02:57,303] DEBUG  Started AutoRec, {'hidden_layer_size': 256, 'random_state': 77}
[2021-09-20 01:04:13,142] DEBUG  Recall: 0.005794701986754967, coverage: 0.5091743119266054, serendipity: 0.23627113477772924
[2021-09-20 01:04:13,142] DEBUG  Finished AutoRec, {'hidden_layer_size': 256, 'random_state': 77}
[2021-09-20 01:04:19,461] DEBUG  Started AutoRec, {'hidden_layer_size': 384, 'random_state': 11}
[2021-09-20 01:05:35,803] DEBUG  Recall: 0.009933774834437087, coverage: 0.5116028062601188, serendipity: 0.23093683244202953
[2021-09-20 01:05:35,803] DEBUG  Finished AutoRec, {'hidden_layer_size': 384, 'random_state': 11}
[2021-09-20 01:05:42,289] DEBUG  Started AutoRec, {'hidden_layer_size': 384, 'random_state': 42}
[2021-09-20 01:06:58,030] DEBUG  Recall: 0.006622516556291391, coverage: 0.5089044792228818, serendipity: 0.2371477128148184
[2021-09-20 01:06:58,030] DEBUG  Finished AutoRec, {'hidden_layer_size': 384, 'random_state': 42}
[2021-09-20 01:07:04,348] DEBUG  Started AutoRec, {'hidden_layer_size': 384, 'random_state': 77}
[2021-09-20 01:08:19,743] DEBUG  Recall: 0.006622516556291391, coverage: 0.5275229357798165, serendipity: 0.23766354546685414
[2021-09-20 01:08:19,743] DEBUG  Finished AutoRec, {'hidden_layer_size': 384, 'random_state': 77}
[2021-09-20 01:08:26,015] DEBUG  Started AutoRec, {'hidden_layer_size': 512, 'random_state': 11}
[2021-09-20 01:09:43,624] DEBUG  Recall: 0.008278145695364239, coverage: 0.4282245008094981, serendipity: 0.23371691109569234
[2021-09-20 01:09:43,624] DEBUG  Finished AutoRec, {'hidden_layer_size': 512, 'random_state': 11}
[2021-09-20 01:09:50,059] DEBUG  Started AutoRec, {'hidden_layer_size': 512, 'random_state': 42}
[2021-09-20 01:11:05,827] DEBUG  Recall: 0.009105960264900662, coverage: 0.4940636805180788, serendipity: 0.2399451670130097
[2021-09-20 01:11:05,828] DEBUG  Finished AutoRec, {'hidden_layer_size': 512, 'random_state': 42}
[2021-09-20 01:11:12,101] DEBUG  Started AutoRec, {'hidden_layer_size': 512, 'random_state': 77}
[2021-09-20 01:12:32,797] DEBUG  Recall: 0.005794701986754967, coverage: 0.507015650296816, serendipity: 0.23946219608361827
[2021-09-20 01:12:32,797] DEBUG  Finished AutoRec, {'hidden_layer_size': 512, 'random_state': 77}
[2021-09-20 01:12:39,186] DEBUG  Started AutoRec, {'hidden_layer_size': 768, 'random_state': 11}
[2021-09-20 01:13:56,747] DEBUG  Recall: 0.009933774834437087, coverage: 0.394225580140313, serendipity: 0.2299134899596519
[2021-09-20 01:13:56,747] DEBUG  Finished AutoRec, {'hidden_layer_size': 768, 'random_state': 11}
[2021-09-20 01:14:03,027] DEBUG  Started AutoRec, {'hidden_layer_size': 768, 'random_state': 42}
[2021-09-20 01:15:17,691] DEBUG  Recall: 0.009105960264900662, coverage: 0.34970318402590395, serendipity: 0.24048473572704193
[2021-09-20 01:15:17,691] DEBUG  Finished AutoRec, {'hidden_layer_size': 768, 'random_state': 42}
[2021-09-20 01:15:23,970] DEBUG  Started AutoRec, {'hidden_layer_size': 768, 'random_state': 77}
[2021-09-20 01:16:40,300] DEBUG  Recall: 0.012417218543046357, coverage: 0.4355099838100378, serendipity: 0.247361895266622
[2021-09-20 01:16:40,300] DEBUG  Finished AutoRec, {'hidden_layer_size': 768, 'random_state': 77}
[2021-09-20 01:16:46,607] DEBUG  Started AutoRec, {'hidden_layer_size': 1024, 'random_state': 11}
[2021-09-20 01:18:02,717] DEBUG  Recall: 0.02566225165562914, coverage: 0.20669185105234755, serendipity: 0.23783868924155882
[2021-09-20 01:18:02,717] DEBUG  Finished AutoRec, {'hidden_layer_size': 1024, 'random_state': 11}
[2021-09-20 01:18:09,076] DEBUG  Started AutoRec, {'hidden_layer_size': 1024, 'random_state': 42}
[2021-09-20 01:19:25,010] DEBUG  Recall: 0.01903973509933775, coverage: 0.2366432811656773, serendipity: 0.2513213905356569
[2021-09-20 01:19:25,010] DEBUG  Finished AutoRec, {'hidden_layer_size': 1024, 'random_state': 42}
[2021-09-20 01:19:31,379] DEBUG  Started AutoRec, {'hidden_layer_size': 1024, 'random_state': 77}
[2021-09-20 01:20:48,045] DEBUG  Recall: 0.013245033112582781, coverage: 0.26308688613059905, serendipity: 0.256881455758636
[2021-09-20 01:20:48,045] DEBUG  Finished AutoRec, {'hidden_layer_size': 1024, 'random_state': 77}
[2021-09-20 01:20:54,391] DEBUG  Started AutoRec, {'hidden_layer_size': 1536, 'random_state': 11}
[2021-09-20 01:22:10,422] DEBUG  Recall: 0.02152317880794702, coverage: 0.09039395574743658, serendipity: 0.2443309346494213
[2021-09-20 01:22:10,423] DEBUG  Finished AutoRec, {'hidden_layer_size': 1536, 'random_state': 11}
[2021-09-20 01:22:17,098] DEBUG  Started AutoRec, {'hidden_layer_size': 1536, 'random_state': 42}
[2021-09-20 01:23:33,886] DEBUG  Recall: 0.014900662251655629, coverage: 0.09713977334052887, serendipity: 0.25666458576829615
[2021-09-20 01:23:33,887] DEBUG  Finished AutoRec, {'hidden_layer_size': 1536, 'random_state': 42}
[2021-09-20 01:23:40,384] DEBUG  Started AutoRec, {'hidden_layer_size': 1536, 'random_state': 77}
[2021-09-20 01:24:56,436] DEBUG  Recall: 0.015728476821192054, coverage: 0.13545601726929304, serendipity: 0.27354650456826624
[2021-09-20 01:24:56,436] DEBUG  Finished AutoRec, {'hidden_layer_size': 1536, 'random_state': 77}
[2021-09-20 01:25:02,854] DEBUG  Started AutoRec, {'hidden_layer_size': 2048, 'random_state': 11}
[2021-09-20 01:26:19,854] DEBUG  Recall: 0.018211920529801324, coverage: 0.041824069077172156, serendipity: 0.24995865284051247
[2021-09-20 01:26:19,855] DEBUG  Finished AutoRec, {'hidden_layer_size': 2048, 'random_state': 11}
[2021-09-20 01:26:26,232] DEBUG  Started AutoRec, {'hidden_layer_size': 2048, 'random_state': 42}
[2021-09-20 01:27:42,597] DEBUG  Recall: 0.022350993377483443, coverage: 0.03130059363194819, serendipity: 0.2610082846355258
[2021-09-20 01:27:42,597] DEBUG  Finished AutoRec, {'hidden_layer_size': 2048, 'random_state': 42}
[2021-09-20 01:27:49,256] DEBUG  Started AutoRec, {'hidden_layer_size': 2048, 'random_state': 77}
[2021-09-20 01:29:05,353] DEBUG  Recall: 0.0173841059602649, coverage: 0.05558553696708041, serendipity: 0.27153596037958977
[2021-09-20 01:29:05,353] DEBUG  Finished AutoRec, {'hidden_layer_size': 2048, 'random_state': 77}
[2021-09-20 01:29:05,355] INFO  Grid search ended: AutoRec
[2021-09-20 01:29:05,355] INFO  Saved AutoRec as ./AutoRec.joblib
[2021-09-21 11:56:09,214] INFO  Dataset: 1m
[2021-09-21 11:56:24,669] INFO  Grid search started: KNNpopularity
[2021-09-21 11:56:24,927] DEBUG  Started KNNpopularity, {'k': 5}
[2021-09-21 11:59:20,104] DEBUG  Recall: 0.07533112582781457, coverage: 0.3073394495412844, serendipity: 0.29233816910500715
[2021-09-21 11:59:20,104] DEBUG  Finished KNNpopularity, {'k': 5}
[2021-09-21 11:59:20,364] DEBUG  Started KNNpopularity, {'k': 10}
[2021-09-21 12:02:23,169] DEBUG  Recall: 0.08112582781456953, coverage: 0.2366432811656773, serendipity: 0.2932451787010204
[2021-09-21 12:02:23,169] DEBUG  Finished KNNpopularity, {'k': 10}
[2021-09-21 12:02:23,428] DEBUG  Started KNNpopularity, {'k': 15}
[2021-09-21 12:05:33,195] DEBUG  Recall: 0.08609271523178808, coverage: 0.2050728548300054, serendipity: 0.29286648379249697
[2021-09-21 12:05:33,195] DEBUG  Finished KNNpopularity, {'k': 15}
[2021-09-21 12:05:33,455] DEBUG  Started KNNpopularity, {'k': 20}
[2021-09-21 12:08:46,934] DEBUG  Recall: 0.0836092715231788, coverage: 0.1829465731246627, serendipity: 0.2915136240367328
[2021-09-21 12:08:46,934] DEBUG  Finished KNNpopularity, {'k': 20}
[2021-09-21 12:08:47,193] DEBUG  Started KNNpopularity, {'k': 30}
[2021-09-21 12:12:13,936] DEBUG  Recall: 0.08278145695364239, coverage: 0.15893146249325418, serendipity: 0.2880449939637745
[2021-09-21 12:12:13,936] DEBUG  Finished KNNpopularity, {'k': 30}
[2021-09-21 12:12:14,196] DEBUG  Started KNNpopularity, {'k': 40}
[2021-09-21 12:15:52,807] DEBUG  Recall: 0.0836092715231788, coverage: 0.13815434430652995, serendipity: 0.28564876663124517
[2021-09-21 12:15:52,807] DEBUG  Finished KNNpopularity, {'k': 40}
[2021-09-21 12:15:53,066] DEBUG  Started KNNpopularity, {'k': 50}
[2021-09-21 12:19:44,657] DEBUG  Recall: 0.08278145695364239, coverage: 0.12898003237992445, serendipity: 0.28294409393856856
[2021-09-21 12:19:44,657] DEBUG  Finished KNNpopularity, {'k': 50}
[2021-09-21 12:19:44,917] DEBUG  Started KNNpopularity, {'k': 60}
[2021-09-21 12:23:47,280] DEBUG  Recall: 0.0836092715231788, coverage: 0.11575822989746357, serendipity: 0.2808549416492484
[2021-09-21 12:23:47,280] DEBUG  Finished KNNpopularity, {'k': 60}
[2021-09-21 12:23:47,539] DEBUG  Started KNNpopularity, {'k': 70}
[2021-09-21 12:28:02,826] DEBUG  Recall: 0.08526490066225166, coverage: 0.10793308148947653, serendipity: 0.27868624286324983
[2021-09-21 12:28:02,827] DEBUG  Finished KNNpopularity, {'k': 70}
[2021-09-21 12:28:03,087] DEBUG  Started KNNpopularity, {'k': 80}
[2021-09-21 12:32:31,302] DEBUG  Recall: 0.0802980132450331, coverage: 0.10199676200755532, serendipity: 0.27662490236675574
[2021-09-21 12:32:31,303] DEBUG  Finished KNNpopularity, {'k': 80}
[2021-09-21 12:32:31,562] DEBUG  Started KNNpopularity, {'k': 90}
[2021-09-21 12:37:10,850] DEBUG  Recall: 0.0802980132450331, coverage: 0.09579060982191041, serendipity: 0.2754018065828818
[2021-09-21 12:37:10,850] DEBUG  Finished KNNpopularity, {'k': 90}
[2021-09-21 12:37:11,110] DEBUG  Started KNNpopularity, {'k': 100}
[2021-09-21 12:42:02,745] DEBUG  Recall: 0.08857615894039735, coverage: 0.09093362115488397, serendipity: 0.27346470387541455
[2021-09-21 12:42:02,745] DEBUG  Finished KNNpopularity, {'k': 100}
[2021-09-21 12:42:03,005] DEBUG  Started KNNpopularity, {'k': 300}
[2021-09-21 12:51:00,539] DEBUG  Recall: 0.06788079470198675, coverage: 0.05558553696708041, serendipity: 0.25630038788377896
[2021-09-21 12:51:00,539] DEBUG  Finished KNNpopularity, {'k': 300}
[2021-09-21 12:51:00,799] DEBUG  Started KNNpopularity, {'k': 500}
[2021-09-21 13:04:06,317] DEBUG  Recall: 0.056291390728476824, coverage: 0.04506206152185645, serendipity: 0.2485054106304174
[2021-09-21 13:04:06,318] DEBUG  Finished KNNpopularity, {'k': 500}
[2021-09-21 13:04:06,577] DEBUG  Started KNNpopularity, {'k': 700}
[2021-09-21 13:21:18,907] DEBUG  Recall: 0.04966887417218543, coverage: 0.03939557474365893, serendipity: 0.24323880568978354
[2021-09-21 13:21:18,907] DEBUG  Finished KNNpopularity, {'k': 700}
[2021-09-21 13:21:19,166] DEBUG  Started KNNpopularity, {'k': 1000}
[2021-09-21 13:44:39,191] DEBUG  Recall: 0.04718543046357616, coverage: 0.03588774959525094, serendipity: 0.23792906098831984
[2021-09-21 13:44:39,192] DEBUG  Finished KNNpopularity, {'k': 1000}
[2021-09-21 13:44:39,193] INFO  Grid search ended: KNNpopularity
[2021-09-21 13:44:39,193] INFO  Saved KNNpopularity as results/gs_g\KNNpopularity.joblib
