[2021-12-03 08:48:48,671] INFO  Dataset: 1m
[2021-12-03 08:55:04,623] DEBUG  Recall: 0.05380794701986755,coverage: 0.18483540205072854,novelty: 0.7072456479072571,unexpectedness: 0.0,relevance: 0.3293762757102878
[2021-12-03 09:01:30,588] DEBUG  Recall: 0.054635761589403975,coverage: 0.18996222342147867,novelty: 0.7041894793510437,unexpectedness: 0.0,relevance: 0.3303767064409641
[2021-12-03 09:08:08,743] DEBUG  Recall: 0.052152317880794705,coverage: 0.18861305990286023,novelty: 0.7128860950469971,unexpectedness: 0.0,relevance: 0.3296918919143247
[2021-12-03 09:14:46,431] DEBUG  Recall: 0.048013245033112585,coverage: 0.1397733405288721,novelty: 0.7079923748970032,unexpectedness: 0.0,relevance: 0.3314465632344454
[2021-12-03 09:21:28,991] DEBUG  Recall: 0.048013245033112585,coverage: 0.14193200215866164,novelty: 0.7052545547485352,unexpectedness: 0.0,relevance: 0.33252525014685586
[2021-12-03 09:28:11,685] DEBUG  Recall: 0.04718543046357616,coverage: 0.13896384241770102,novelty: 0.7110549211502075,unexpectedness: 0.0,relevance: 0.33228406632538243
[2021-12-03 09:37:34,111] DEBUG  Recall: 0.052152317880794705,coverage: 0.11953588774959525,novelty: 0.6843438744544983,unexpectedness: 0.0,relevance: 0.3273769432911321
[2021-12-03 09:45:55,683] DEBUG  Recall: 0.052152317880794705,coverage: 0.12520237452779276,novelty: 0.6834197044372559,unexpectedness: 0.0,relevance: 0.3275576031870586
[2021-12-03 09:54:09,109] DEBUG  Recall: 0.04718543046357616,coverage: 0.12520237452779276,novelty: 0.6904898881912231,unexpectedness: 0.0,relevance: 0.3268822014665717
[2021-12-14 00:46:09,729] INFO  Dataset: 1m
[2021-12-14 00:53:03,752] INFO  Dataset: 1m
[2021-12-14 01:17:17,724] DEBUG  CACHEDIR=C:\Users\Daniil\.matplotlib
[2021-12-14 01:17:17,728] DEBUG  Using fontManager instance from C:\Users\Daniil\.matplotlib\fontlist-v330.json
[2021-12-14 01:17:17,978] DEBUG  Loaded backend module://backend_interagg version unknown.
[2021-12-14 02:17:50,063] INFO  Dataset: 1m
[2021-12-14 02:26:49,325] INFO  Dataset: 1m
[2021-12-18 21:06:24,000] INFO  Dataset: 1m
[2021-12-18 21:13:48,906] INFO  Dataset: 1m
[2021-12-18 22:21:00,071] INFO  Dataset: 1m
