[2021-10-09 13:32:52,710] INFO  Dataset: 1m
[2021-10-09 13:33:21,907] INFO  Dataset: 1m
[2021-10-09 13:33:22,018] INFO  Grid search started: KNNpopularity
[2021-10-09 13:33:22,282] DEBUG  Started KNNpopularity, {'k': 5}
[2021-10-09 13:36:21,737] DEBUG  Recall: 0.07533112582781457, coverage: 0.3073394495412844, novelty: 0.8066206574440002, unexpectedness: 0.46614238410596026, relevance: 0.29233816910500726
[2021-10-09 13:36:21,737] DEBUG  Finished KNNpopularity, {'k': 5}
[2021-10-09 13:36:22,001] DEBUG  Started KNNpopularity, {'k': 10}
[2021-10-09 13:39:29,904] DEBUG  Recall: 0.08112582781456953, coverage: 0.2366432811656773, novelty: 0.7820445895195007, unexpectedness: 0.28874172185430463, relevance: 0.2932451787010204
[2021-10-09 13:39:29,914] DEBUG  Finished KNNpopularity, {'k': 10}
[2021-10-09 13:39:30,175] DEBUG  Started KNNpopularity, {'k': 15}
[2021-10-09 13:42:44,763] DEBUG  Recall: 0.08609271523178808, coverage: 0.2050728548300054, novelty: 0.7544700503349304, unexpectedness: 0.15985099337748343, relevance: 0.2928664837924969
[2021-10-09 13:42:44,764] DEBUG  Finished KNNpopularity, {'k': 15}
[2021-10-09 13:42:45,031] DEBUG  Started KNNpopularity, {'k': 20}
[2021-10-09 13:46:08,505] DEBUG  Recall: 0.0836092715231788, coverage: 0.1829465731246627, novelty: 0.7494011521339417, unexpectedness: 0.03195364238410596, relevance: 0.2915136240367329
[2021-10-09 13:46:08,506] DEBUG  Finished KNNpopularity, {'k': 20}
[2021-10-09 13:46:08,781] DEBUG  Started KNNpopularity, {'k': 30}
[2021-10-09 13:49:41,459] DEBUG  Recall: 0.08278145695364239, coverage: 0.15893146249325418, novelty: 0.7331822514533997, unexpectedness: 0.12210264900662252, relevance: 0.2880449939637745
[2021-10-09 13:49:41,460] DEBUG  Finished KNNpopularity, {'k': 30}
[2021-10-09 13:49:41,722] DEBUG  Started KNNpopularity, {'k': 40}
[2021-10-09 14:07:13,077] INFO  Dataset: 1m
[2021-10-09 14:07:34,438] INFO  Dataset: 1m
