[2021-11-08 23:26:38,788] INFO  Dataset: 1m
[2021-11-09 09:00:35,411] INFO  Dataset: 1m
[2021-11-09 09:09:37,786] INFO  Dataset: 1m
[2021-11-09 12:07:25,453] INFO  Grid search started: EASE
[2021-11-09 12:07:25,453] DEBUG  Started EASE, {'l': 1.0}
[2021-11-09 12:07:55,557] DEBUG  Recall: 0.012417218543046357,coverage: 0.2625472207231516,novelty: 0.7658888697624207,unexpectedness: 0.13725165562913907,relevance: 0.3374311186221695
[2021-11-09 12:07:55,557] DEBUG  Finished EASE, {'l': 1.0}
[2021-11-09 12:07:55,567] DEBUG  Started EASE, {'l': 10.0}
[2021-11-09 12:08:25,412] DEBUG  Recall: 0.023178807947019868,coverage: 0.23340528872099298,novelty: 0.7638028264045715,unexpectedness: 0.021605960264900664,relevance: 0.3406742352308772
[2021-11-09 12:08:25,422] DEBUG  Finished EASE, {'l': 10.0}
[2021-11-09 12:08:25,432] DEBUG  Started EASE, {'l': 50.0}
[2021-11-09 12:08:55,467] DEBUG  Recall: 0.03145695364238411,coverage: 0.20561252023745277,novelty: 0.7552644610404968,unexpectedness: 0.0076986754966887425,relevance: 0.34400993325936924
[2021-11-09 12:08:55,468] DEBUG  Finished EASE, {'l': 50.0}
[2021-11-09 12:08:55,476] DEBUG  Started EASE, {'l': 100.0}
[2021-11-09 12:09:25,474] DEBUG  Recall: 0.037251655629139076,coverage: 0.1864543982730707,novelty: 0.7494012713432312,unexpectedness: 0.004966887417218543,relevance: 0.34538724924135306
[2021-11-09 12:09:25,474] DEBUG  Finished EASE, {'l': 100.0}
[2021-11-09 12:09:25,482] DEBUG  Started EASE, {'l': 250.0}
[2021-11-09 12:09:55,551] DEBUG  Recall: 0.043874172185430466,coverage: 0.1651376146788991,novelty: 0.7424414157867432,unexpectedness: 0.003973509933774835,relevance: 0.34653708954083245
[2021-11-09 12:09:55,552] DEBUG  Finished EASE, {'l': 250.0}
[2021-11-09 12:09:55,560] DEBUG  Started EASE, {'l': 500.0}
[2021-11-09 12:10:25,589] DEBUG  Recall: 0.048841059602649006,coverage: 0.14867781975175393,novelty: 0.7354980707168579,unexpectedness: 0.002317880794701987,relevance: 0.3476571304357051
[2021-11-09 12:10:25,589] DEBUG  Finished EASE, {'l': 500.0}
[2021-11-09 12:10:25,597] DEBUG  Started EASE, {'l': 750.0}
[2021-11-09 12:10:55,374] DEBUG  Recall: 0.04966887417218543,coverage: 0.13572584997301673,novelty: 0.7293603420257568,unexpectedness: 0.001076158940397351,relevance: 0.34778859136222673
[2021-11-09 12:10:55,374] DEBUG  Finished EASE, {'l': 750.0}
[2021-11-09 12:10:55,382] DEBUG  Started EASE, {'l': 1000.0}
[2021-11-09 12:11:25,353] DEBUG  Recall: 0.04966887417218543,coverage: 0.12817053426875338,novelty: 0.7212021946907043,unexpectedness: 0.0015728476821192054,relevance: 0.3476853508786507
[2021-11-09 12:11:25,353] DEBUG  Finished EASE, {'l': 1000.0}
[2021-11-09 12:11:25,361] DEBUG  Started EASE, {'l': 2000.0}
[2021-11-09 12:11:55,152] DEBUG  Recall: 0.04966887417218543,coverage: 0.11117107393416081,novelty: 0.6963515281677246,unexpectedness: 0.003062913907284768,relevance: 0.3465168622124719
[2021-11-09 12:11:55,153] DEBUG  Finished EASE, {'l': 2000.0}
[2021-11-09 12:11:55,161] DEBUG  Started EASE, {'l': 5000.0}
[2021-11-09 12:12:25,106] DEBUG  Recall: 0.04470198675496689,coverage: 0.08634646519158122,novelty: 0.6612159609794617,unexpectedness: 0.002980132450331126,relevance: 0.3420922306777796
[2021-11-09 12:12:25,106] DEBUG  Finished EASE, {'l': 5000.0}
[2021-11-09 12:12:25,115] DEBUG  Started EASE, {'l': 10000.0}
[2021-11-09 12:12:55,100] DEBUG  Recall: 0.04470198675496689,coverage: 0.06745817593092283,novelty: 0.6335723996162415,unexpectedness: 0.02185430463576159,relevance: 0.33602362537816255
[2021-11-09 12:12:55,100] DEBUG  Finished EASE, {'l': 10000.0}
[2021-11-09 12:12:55,109] INFO  Grid search ended: EASE
[2021-11-09 12:12:55,110] INFO  Saved EASE as results/gs_with_ease\EASE.joblib
[2021-11-09 12:12:56,316] INFO  Grid search started: KNNpopularity
[2021-11-09 12:12:56,567] DEBUG  Started KNNpopularity, {'k': 5}
